/******************************************************************************

    tiny.lst

    List of all enabled drivers in the system. This file is parsed by
    makelist.exe, sorted, and output as C code describing the drivers.

****************************************************************************

    Copyright Aaron Giles
    All rights reserved.

    Redistribution and use in source and binary forms, with or without
    modification, are permitted provided that the following conditions are
    met:

        * Redistributions of source code must retain the above copyright
          notice, this list of conditions and the following disclaimer.
        * Redistributions in binary form must reproduce the above copyright
          notice, this list of conditions and the following disclaimer in
          the documentation and/or other materials provided with the
          distribution.
        * Neither the name 'MAME' nor the names of its contributors may be
          used to endorse or promote products derived from this software
          without specific prior written permission.

    THIS SOFTWARE IS PROVIDED BY AARON GILES ''AS IS'' AND ANY EXPRESS OR
    IMPLIED WARRANTIES, INCLUDING, BUT NOT LIMITED TO, THE IMPLIED
    WARRANTIES OF MERCHANTABILITY AND FITNESS FOR A PARTICULAR PURPOSE ARE
    DISCLAIMED. IN NO EVENT SHALL AARON GILES BE LIABLE FOR ANY DIRECT,
    INDIRECT, INCIDENTAL, SPECIAL, EXEMPLARY, OR CONSEQUENTIAL DAMAGES
    (INCLUDING, BUT NOT LIMITED TO, PROCUREMENT OF SUBSTITUTE GOODS OR
    SERVICES; LOSS OF USE, DATA, OR PROFITS; OR BUSINESS INTERRUPTION)
    HOWEVER CAUSED AND ON ANY THEORY OF LIABILITY, WHETHER IN CONTRACT,
    STRICT LIABILITY, OR TORT (INCLUDING NEGLIGENCE OR OTHERWISE) ARISING
    IN ANY WAY OUT OF THE USE OF THIS SOFTWARE, EVEN IF ADVISED OF THE
    POSSIBILITY OF SUCH DAMAGE.

******************************************************************************/

robby			// (c) 1981 Bally Midway
gridlee			// [1983 Videa] prototype - no copyright notice
alienar			// (c) 1985 Duncan Brown

carpolo			// (c) 1977 Exidy
sidetrac		// (c) 1979 Exidy
targ			// (c) 1980 Exidy
spectar			// (c) 1980 Exidy
teetert			// (c) 1982 Exidy
hardhat			// (c) 1982
fax				// (c) 1983
fax2			// (c) 1983
circus			// (c) 1977 Exidy
robotbwl		// (c) 197? Exidy
crash			// (c) 1979 Exidy
ripcord			// (c) 1979 Exidy
starfire		// (c) 1979 Exidy
starfirea		// (c) 1979 Exidy
fireone			// (c) 1979 Exidy
starfir2		// (c) 1979 Exidy
victory			// (c) 1982
victorba		// (c) 1982
topgunnr		// (c) 1986

looping			// (c) 1982 Video Games GMBH
supertnk		// (c) 1981 VIDEO GAMES GmbH, W.-GERMANY

wrally			// (c) 1993 - Ref 930705

// new
ddonpach
mk
umk3


// Capcom CPS1 games
forgottn		//  7/1988 (c) 1988 (World)
forgottnu		//  7/1988 (c) 1988 (USA)
forgottnua		//  7/1988 (c) 1988 (USA)
lostwrld		//  7/1988 (c) 1988 (Japan)
lostwrldo		//  7/1988 (c) 1988 (Japan)
ghouls			// 12/1988 (c) 1988 (World)
ghoulsu			// 12/1988 (c) 1988 (USA)
daimakai		// 12/1988 (c) 1988 (Japan)
daimakair		// 12/1988 (c) 1988 (Japan)
strider			//  3/1989 (c) 1989 (not explicitly stated but should be USA)
striderua		//  3/1989 (c) 1989 (not explicitly stated but should be USA)
striderj		//  3/1989 (c) 1989 (Japan)
striderjr		//  3/1989 (c) 1989 (Japan)
dynwar			//  4/1989 (c) 1989 (USA)
dynwara			//  4/1989 (c) 1989 (USA)
dynwarj			//  4/1989 (c) 1989 (Japan)
dynwarjr		//  4/1989 (c) 1989 (Japan)
willow			//  6/1989 (c) 1989 (USA)
willowo			//  6/1989 (c) 1989 (USA)
willowj			//  6/1989 (c) 1989 (Japan)
unsquad			//  8/1989 (c) 1989 (USA)
area88			//  8/1989 (c) 1989 (Japan)
area88r			//  8/1989 (c) 1989 (Japan)
ffight			// 12/1989 (c) 1989 (World)
ffightu			// 12/1989 (c) 1989 (USA)
ffightu1		// 12/1989 (c) 1989 (USA)
ffightua		// 12/01/1990 (c) 1989 (USA)
ffightub		// 13/06/1990 (c) 1989 (USA)
ffightj			// 12/1989 (c) 1989 (Japan)
ffightj1		// 12/01/1990 (c) 1989 (Japan)
ffightj2		// 05/03/1990 (c) 1989 (Japan)
ffightjh		// hack
1941			//  2/1990 (c) 1990 (World)
1941u			// 27/02/1990 (c) 1990 (USA)
1941j			//  2/1990 (c) 1990 (Japan)
mercs			// 02/03/1990 (c) 1990 (World)
mercsu			// 08/06/1990 (c) 1990 (USA)
mercsur1		// 02/03/1990 (c) 1990 (USA)
mercsj			// 02/03/1990 (c) 1990 (Japan)
mtwins			// 19/06/1990 (c) 1990 (World)
chikij			// 19/06/1990 (c) 1990 (Japan)
msword			// 25/07/1990 (c) 1990 (World)
mswordr1		// 23/06/1990 (c) 1990 (World)
mswordu			// 25/07/1990 (c) 1990 (USA)
mswordj			// 23/06/1990 (c) 1990 (Japan)
cawing			// 12/10/1990 (c) 1990 (World)
cawingr1		// 09/10/1990 (c) 1990 (World)
cawingu			// 12/10/1990 (c) 1990 (USA)
cawingj			// 12/10/1990 (c) 1990 (Japan)
nemo			// 30/11/1990 (c) 1990 (World)
nemoj			// 20/11/1990 (c) 1990 (Japan)
sf2				// 22/05/1991 (c) 1991 (World)
sf2eb			// 14/02/1991 (c) 1991 (World)
sf2ee			// 28/02/1991 (c) 1991 (World)
sf2ebbl			// 14/02/1991 (c) 1991 (World, bootleg)
sf2ua			// 06/02/1991 (c) 1991 (USA)
sf2ub			// 14/02/1991 (c) 1991 (USA)
sf2uc			// 06/03/1991 (c) 1991 (USA)
sf2ud			// 18/03/1991 (c) 1991 (USA)
sf2ue			// 28/02/1991 (c) 1991 (USA)
sf2uf			// 11/04/1991 (c) 1991 (USA)
sf2ui			// 22/05/1991 (c) 1991 (USA)
sf2uk			// 01/11/1991 (c) 1991 (USA)
sf2j			// 10/12/1991 (c) 1991 (Japan)
sf2ja			// 14/02/1991 (c) 1991 (Japan)
sf2jc			// 06/03/1991 (c) 1991 (Japan)
sf2qp1			// hack
sf2thndr		// hack
3wonders		// 20/05/1991 (c) 1991 (World)
3wondersu		// 20/05/1991 (c) 1991 (USA)
wonder3			// 20/05/1991 (c) 1991 (Japan)
3wondersh		// hack
kod				// 05/08/1991 (c) 1991 (World)
kodr1			// 11/07/1991 (c) 1991 (World)
kodu			// 10/09/1991 (c) 1991 (USA)
kodj			// 05/08/1991 (c) 1991 (Japan)
kodja			// 05/08/1991 (c) 1991 (Japan)
#kodb			// bootleg
captcomm		// 02/12/1991 (c) 1991 (World)
captcommr1		// 14/10/1991 (c) 1991 (World)
captcommu		// 28/09/1991 (c) 1991 (USA)
captcommj		// 02/12/1991 (c) 1991 (Japan)
captcommjr1		// 28/09/1991 (c) 1991 (Japan)
captcommb		// bootleg
knights			// 27/11/1991 (c) 1991 (World)
knightsu		// 27/11/1991 (c) 1991 (USA)
knightsj		// 27/11/1991 (c) 1991 (Japan)
knightsja		// 27/11/1991 (c) 1991 (Japan)
knightsb		// bootleg
sf2ce			// 13/05/1992 (c) 1992 (World)
sf2ceea			// 13/03/1992 (c) 1992 (World)
sf2ceua			// 13/03/1992 (c) 1992 (USA)
sf2ceub			// 13/05/1992 (c) 1992 (USA)
sf2ceuc			// 03/08/1992 (c) 1992 (USA)
sf2cej			// 13/05/1992 (c) 1992 (Japan)
sf2rb			// hack
sf2rb2			// hack
sf2rb3			// hack
sf2red			// hack
sf2v004			// hack
sf2acc			// hack
sf2accp2		// hack
sf2dkot2		// hack
sf2m1			// hack
sf2m2			// hack
sf2m3			// hack
sf2m4			// hack
sf2m5			// hack
sf2m6			// hack
sf2m7			// hack
sf2yyc			// hack
sf2koryu		// hack
sf2mdt			// bootleg
cworld2j		// 11/06/1992 (c) 1992 (Japan)
varth			// 14/07/1992 (c) 1992 (World)
varthr1			// 12/06/1992 (c) 1992 (World)
varthu			// 12/06/1992 (c) 1992 (USA)
varthj			// 14/07/1992 (c) 1992 (Japan)
qad			// 01/07/1992 (c) 1992 (USA)
qadj			// 21/09/1994 (c) 1994 (Japan)
wof			// 31/10/1992 (c) 1992 (World) (CPS1 + QSound)
wofr1			// 02/10/1992 (c) 1992 (World) (CPS1 + QSound)
wofu			// 31/10/1992 (c) 1992 (USA) (CPS1 + QSound)
wofa			// 05/10/1992 (c) 1992 (Asia)  (CPS1 + QSound)
wofj			// 31/10/1992 (c) 1992 (Japan) (CPS1 + QSound)
wofhfh			// bootleg
sf2hf			// 09/12/1992 (c) 1992 (World)
sf2hfu			// 09/12/1992 (c) 1992 (USA)
sf2hfj			// 09/12/1992 (c) 1992 (Japan)
dino			// 01/02/1993 (c) 1993 (World) (CPS1 + QSound)
dinou			// 01/02/1993 (c) 1993 (USA) (CPS1 + QSound)
dinoj			// 01/02/1993 (c) 1993 (Japan) (CPS1 + QSound)
dinopic			// bootleg
dinopic2		// bootleg
dinohunt		// bootleg
punisher		// 22/04/1993 (c) 1993 (World) (CPS1 + QSound)
punisheru		// 22/04/1993 (c) 1993 (USA) (CPS1 + QSound)
punisherj		// 22/04/1993 (c) 1993 (Japan) (CPS1 + QSound)
punipic			// bootleg
punipic2		// bootleg
punipic3		// bootleg
punisherbz		// bootleg
slammast		// 13/07/1993 (c) 1993 (World) (CPS1 + QSound)
slammastu		// 13/07/1993 (c) 1993 (USA) (CPS1 + QSound)
mbomberj		// 13/07/1993 (c) 1993 (Japan) (CPS1 + QSound)
mbombrd			// 06/12/1993 (c) 1993 (World) (CPS1 + QSound)
mbombrdj		// 06/12/1993 (c) 1993 (Japan) (CPS1 + QSound)
				// 1994 Ken Sei Mogura (not listed on Capcom's site)
pnickj			// 08/06/1994 (c) 1994 Compile + Capcom license (Japan) not listed on Capcom's site
qtono2j			// 23/01/1995 (c) 1995 (Japan)
pang3			// 01/06/1995 (c) 1995 Mitchell (Euro) not listed on Capcom's site
pang3r1			// 11/05/1995 (c) 1995 Mitchell (Euro) not listed on Capcom's site
pang3j			// 11/05/1995 (c) 1995 Mitchell (Japan) not listed on Capcom's site
pang3b			// bootleg
megaman			// 06/10/1995 (c) 1995 (USA)
megamana		// 06/10/1995 (c) 1995 (Asia)
rockmanj		// 22/09/1995 (c) 1995 (Japan)

#fcrash			// bootleg of Final Fight

// Capcom CPS2 games
// list completed by CPS2Shock
// http://cps2shock.retrogames.com
ssf2			// 11/09/1993 (c) 1993 (World)
ssf2u			// 11/09/1993 (c) 1993 (USA)
ssf2a			// 05/10/1993 (c) 1993 (Asia)
ssf2ar1			// 14/09/1993 (c) 1993 (Asia)
ssf2j			// 05/10/1993 (c) 1993 (Japan)
ssf2jr1			// 11/09/1993 (c) 1993 (Japan)
ssf2jr2			// 10/09/1993 (c) 1993 (Japan)
ssf2h			// 11/09/1993 (c) 1993 (Hispanic)
ssf2tb			// 11/19/1993 (c) 1993 (World)
ssf2tbr1		// 11/09/1993 (c) 1993 (World)
ssf2tbj			// 11/09/1993 (c) 1993 (Japan)
ecofghtr		// 03/12/1993 (c) 1994 (World)
ecofghtru		// 15/02/1994 (c) 1994 (USA)
ecofghtru1		// 03/12/1993 (c) 1994 (USA)
ecofghtra		// 03/12/1993 (c) 1994 (Asia)
ecofghtrh		// 03/12/1993 (c) 1994 (Hispanic)
uecology		// 03/12/1993 (c) 1994 (Japan)
ddtod			// 12/04/1994 (c) 1993 (Euro)
ddtodr1			// 13/01/1994 (c) 1993 (Euro)
ddtodu			// 25/01/1994 (c) 1993 (USA)
ddtodur1		// 13/01/1994 (c) 1993 (USA)
ddtodj			// 12/04/1994 (c) 1993 (Japan)
ddtodjr1		// 25/01/1994 (c) 1993 (Japan)
ddtodjr2		// 13/01/1994 (c) 1993 (Japan)
ddtoda			// 13/01/1994 (c) 1993 (Asia)
ddtodh			// 12/04/1994 (c) 1993 (Hispanic)
ddtodhr1		// 25/01/1994 (c) 1993 (Hispanic)
ddtodhr2		// 13/01/1994 (c) 1993 (Hispanic)
ssf2t			// 23/02/1994 (c) 1994 (World)
ssf2tu			// 23/03/1994 (c) 1994 (USA)
ssf2tur1		// 23/02/1994 (c) 1994 (USA)
ssf2ta			// 23/02/1994 (c) 1994 (Asia)
ssf2xj			// 23/02/1994 (c) 1994 (Japan)
avsp			// 20/05/1994 (c) 1994 (Euro)
avspu			// 20/05/1994 (c) 1994 (USA)
avspj			// 20/05/1994 (c) 1994 (Japan)
avspa			// 20/05/1994 (c) 1994 (Asia)
avsph			// 20/05/1994 (c) 1994 (Hispanic)
				// 06/1994? Galum Pa! (not listed on Capcom's site)
dstlk			// 05/07/1994 (c) 1994 (Euro)
dstlku			// 18/08/1994 (c) 1994 (USA)
dstlkur1		// 05/07/1994 (c) 1994 (USA)
dstlka			// 05/07/1994 (c) 1994 (Asia)
dstlkh			// 18/08/1994 (c) 1994 (Hispanic)
vampj			// 05/07/1994 (c) 1994 (Japan)
vampja			// 05/07/1994 (c) 1994 (Japan)
vampjr1			// 30/06/1994 (c) 1994 (Japan)
ringdest		// 02/09/1994 (c) 1994 (Euro)
ringdesta		// 31/08/1994 (c) 1994 (Asia)
smbomb			// 31/08/1994 (c) 1994 (Japan)
smbombr1		// 08/08/1994 (c) 1994 (Japan)
armwar			// 24/10/1994 (c) 1994 (Euro)
armwarr1		// 11/10/1994 (c) 1994 (Euro)
armwaru			// 24/10/1994 (c) 1994 (USA)
armwaru1		// 20/09/1994 (c) 1994 (USA)
pgear			// 24/10/1994 (c) 1994 (Japan)
pgearr1			// 16/09/1994 (c) 1994 (Japan)
armwara			// 20/09/1994 (c) 1994 (Asia)
xmcota			// 05/01/1995 (c) 1994 (Euro)
xmcotau			// 05/01/1995 (c) 1994 (USA)
xmcotah			// 31/03/1995 (c) 1994 (Hispanic)
xmcotahr1		// 05/01/1995 (c) 1994 (Hispanic)
xmcotaj			// 05/01/1995 (c) 1994 (Japan)
xmcotaj1		// 22/12/1994 (c) 1994 (Japan)
xmcotaj2		// 19/12/1994 (c) 1994 (Japan)
xmcotaj3		// 17/12/1994 (c) 1994 (Japan)
xmcotaa			// 05/01/1995 (c) 1994 (Asia)
xmcotaar1		// 17/12/1994 (c) 1994 (Asia)
xmcotajr		// 08/12/1994 (c) 1994 (Japan Rent)
nwarr			// 16/03/1995 (c) 1995 (Euro)
nwarru			// 06/04/1995 (c) 1995 (USA)
nwarrh			// 03/04/1995 (c) 1995 (Hispanic)
nwarrb			// 03/04/1995 (c) 1995 (Brazil)
nwarra			// 02/03/1995 (c) 1995 (Asia)
vhuntj			// 02/03/1995 (c) 1995 (Japan)
vhuntjr1		// 07/03/1995 (c) 1995 (Japan)
vhuntjr2		// 02/03/1995 (c) 1995 (Japan)
cybots			// 24/04/1995 (c) 1995 (Euro)
cybotsu			// 24/04/1995 (c) 1995 (USA)
cybotsj			// 20/04/1995 (c) 1995 (Japan)
sfa				// 27/07/1995 (c) 1995 (Euro)
sfar1			// 18/07/1995 (c) 1995 (Euro)
sfar2			// 27/06/1995 (c) 1995 (Euro)
sfar3			// 05/06/1995 (c) 1995 (Euro)
sfau			// 27/06/1995 (c) 1995 (USA)
sfza			// 27/06/1995 (c) 1995 (Asia)
sfzj			// 27/07/1995 (c) 1995 (Japan)
sfzjr1			// 27/06/1995 (c) 1995 (Japan)
sfzjr2			// 05/06/1995 (c) 1995 (Japan)
sfzh			// 18/07/1995 (c) 1995 (Hispanic)
sfzhr1			// 27/06/1995 (c) 1995 (Hispanic)
sfzb			// 09/11/1995 (c) 1995 (Brazil)
sfzbr1			// 27/07/1995 (c) 1995 (Brazil)
mmancp2u		// 06/10/1995 (c) 1995 (Japan)
rmancp2j		// 22/09/1995 (c) 1995 (Japan)
msh				// 24/10/1995 (c) 1995 (Euro)
mshu			// 24/10/1995 (c) 1995 (USA)
mshj			// 17/11/1995 (c) 1995 (Japan)
mshjr1			// 24/10/1995 (c) 1995 (Japan)
msha			// 24/10/1995 (c) 1995 (Asia)
mshh			// 17/11/1995 (c) 1995 (Hispanic)
mshb			// 17/11/1995 (c) 1995 (Brazil)
19xx			// 07/12/1995 (c) 1996 (USA)
19xxj			// 25/12/1995 (c) 1996 (Japan)
19xxjr1			// 07/12/1995 (c) 1996 (Japan)
19xxa			// 07/12/1995 (c) 1996 (Asia)
19xxh			// 18/12/1995 (c) 1996 (Hispanic)
19xxb			// 18/12/1995 (c) 1996 (Brazil)
ddsom			// 19/06/1996 (c) 1996 (Euro)
ddsomr1			// 23/02/1996 (c) 1996 (Euro)
ddsomr2			// 09/02/1996 (c) 1996 (Euro)
ddsomr3			// 08/02/1996 (c) 1996 (Euro)
ddsomu			// 19/06/1996 (c) 1996 (USA)
ddsomur1		// 09/02/1996 (c) 1996 (USA)
ddsomjr1		// 06/02/1996 (c) 1996 (Japan)
ddsomj			// 19/06/1996 (c) 1996 (Japan)
ddsoma			// 19/06/1996 (c) 1996 (Asia)
ddsomh			// 23/02/1996 (c) 1996 (Hispanic)
ddsomb			// 23/02/1996 (c) 1996 (Brazil)
sfa2			// 06/03/1996 (c) 1996 (Euro)
sfa2u			// 30/04/1996 (c) 1996 (USA)
sfa2ur1			// 06/03/1996 (c) 1996 (USA)
sfz2j			// 27/02/1996 (c) 1996 (Japan)
sfz2a			// 27/02/1996 (c) 1996 (Asia)
sfz2b			// 31/05/1996 (c) 1996 (Brazil)
sfz2br1			// 04/03/1996 (c) 1996 (Brazil)
sfz2h			// 04/03/1996 (c) 1996 (Hispanic)
sfz2n			// 29/02/1996 (c) 1996 (Oceania)
spf2t			// 20/06/1996 (c) 1996 (USA)
spf2xj			// 31/05/1996 (c) 1996 (Japan)
spf2ta			// 29/05/1996 (c) 1996 (Asia)
spf2th			// 31/05/1996 (c) 1996 (Hispanic)
megaman2		// 08/07/1996 (c) 1996 (USA)
megaman2a		// 08/07/1996 (c) 1996 (Asia)
rockman2j		// 08/07/1996 (c) 1996 (Japan)
megaman2h		// 12/07/1996 (c) 1996 (Hispanic)
gigaman2		// bootleg
sfz2al			// 26/08/1996 (c) 1996 (Asia)
sfz2alj			// 05/08/1996 (c) 1996 (Japan)
sfz2alh			// 13/08/1996 (c) 1996 (Hispanic)
sfz2alb			// 13/08/1996 (c) 1996 (Brazil)
qndream			// 26/08/1996 (c) 1996 (Japan)
xmvsf			// 04/10/1996 (c) 1996 (Euro)
xmvsfr1			// 10/09/1996 (c) 1996 (Euro)
xmvsfu			// 23/10/1996 (c) 1996 (USA)
xmvsfur1		// 04/10/1996 (c) 1996 (USA)
xmvsfj			// 04/10/1996 (c) 1996 (Japan)
xmvsfjr1		// 10/09/1996 (c) 1996 (Japan)
xmvsfjr2		// 09/09/1996 (c) 1996 (Japan)
xmvsfa			// 23/10/1996 (c) 1996 (Asia)
xmvsfar1		// 19/09/1996 (c) 1996 (Asia)
xmvsfar2		// 10/09/1996 (c) 1996 (Asia)
xmvsfh			// 04/10/1996 (c) 1996 (Hispanic)
xmvsfb			// 23/10/1996 (c) 1996 (Brazil)
batcir			// 19/03/1997 (c) 1997 (Euro)
batcirj			// 19/03/1997 (c) 1997 (Japan)
batcira			// 19/03/1997 (c) 1997 (Asia)
vsav			// 19/05/1997 (c) 1997 (Euro)
vsavu			// 19/05/1997 (c) 1997 (USA)
vsavj			// 19/05/1997 (c) 1997 (Japan)
vsava			// 19/05/1997 (c) 1997 (Asia)
vsavh			// 19/05/1997 (c) 1997 (Hispanic)
mshvsf			// 25/06/1997 (c) 1997 (Euro)
mshvsfu			// 27/08/1997 (c) 1997 (USA)
mshvsfu1		// 25/06/1997 (c) 1997 (USA)
mshvsfj			// 07/07/1997 (c) 1997 (Japan)
mshvsfj1		// 02/07/1997 (c) 1997 (Japan)
mshvsfj2		// 25/06/1997 (c) 1997 (Japan)
mshvsfh			// 25/06/1997 (c) 1997 (Hispanic)
mshvsfa			// 25/06/1997 (c) 1997 (Asia)
mshvsfa1		// 20/06/1997 (c) 1997 (Asia)
mshvsfb			// 27/08/1997 (c) 1997 (Brazil)
mshvsfb1		// 25/06/1997 (c) 1997 (Brazil)
csclub			// 17/10/1997 (c) 1997 (Euro)
csclub1			// 22/07/1997 (c) 1997 (Euro)
csclubj			// 22/07/1997 (c) 1997 (Japan)
cscluba			// 22/07/1997 (c) 1997 (Asia)
csclubh			// 22/07/1997 (c) 1997 (Hispanic)
sgemf			// 04/09/1997 (c) 1997 (USA)
pfghtj			// 04/09/1997 (c) 1997 (Japan)
sgemfa			// 04/09/1997 (c) 1997 (Asia)
sgemfh			// 04/09/1997 (c) 1997 (Hispanic)
vhunt2r1		// 13/09/1997 (c) 1997 (Japan)
vhunt2			// 29/09/1997 (c) 1997 (Japan)
vsav2			// 13/09/1997 (c) 1997 (Japan)
mvsc			// 23/01/1998 (c) 1998 (Euro)
mvscr1			// 12/01/1998 (c) 1998 (Euro)
mvscu			// 23/01/1998 (c) 1998 (USA)
mvscur1			// 23/01/1998 (c) 1998 (USA)
mvscj			// 23/01/1998 (c) 1998 (Japan)
mvscjr1			// 12/01/1998 (c) 1998 (Japan)
mvsca			// 23/01/1998 (c) 1998 (Asia)
mvscar1			// 12/01/1998 (c) 1998 (Asia)
mvsch			// 23/01/1998 (c) 1998 (Hispanic)
mvscb			// 23/01/1998 (c) 1998 (Brazil)
sfa3			// 04/09/1998 (c) 1998 (USA)
sfa3u			// 04/09/1998 (c) 1998 (USA)
sfa3ur1			// 29/06/1998 (c) 1998 (USA)
sfa3h			// 04/09/1998 (c) 1998 (Hispanic)
sfa3hr1			// 29/06/1998 (c) 1998 (Hispanic)
sfa3b			// 29/06/1998 (c) 1998 (Brazil)
sfz3j			// 04/09/1998 (c) 1998 (Japan)
sfz3jr1			// 27/07/1998 (c) 1998 (Japan)
sfz3jr2			// 29/06/1998 (c) 1998 (Japan)
sfz3a			// 04/09/1998 (c) 1998 (Asia)
sfz3ar1			// 01/07/1998 (c) 1998 (Asia)
gigawing		// 22/02/1999 (c) 1999 Takumi (USA)
gigawingj		// 23/02/1999 (c) 1999 Takumi (Japan)
gigawinga		// 22/02/1999 (c) 1999 Takumi (Asia)
gigawingh		// 22/02/1999 (c) 1999 Takumi (Hispanic)
gigawingb		// 22/02/1999 (c) 1999 Takumi (Brazil)
jyangoku		// 27/05/1999 (c) 1999 (Japan)
dimahoo			// 21/01/2000 (c) 2000 Eighting/Raizing (USA)
dimahoou		// 21/01/2000 (c) 2000 Eighting/Raizing (USA)
gmahou			// 21/01/2000 (c) 2000 Eighting/Raizing (Japan)
mmatrix			// 12/04/2000 (c) 2000 Takumi (USA)
mmatrixj		// 12/04/2000 (c) 2000 Takumi (Japan)
1944			// 20/06/2000 (c) 2000 Eighting/Raizing (USA)
1944j			// 20/06/2000 (c) 2000 Eighting/Raizing (Japan)
mpang			// 10/10/2000 (c) 2000 Mitchell (Euro)
mpangr1			// 25/09/2000 (c) 2000 Mitchell (Euro)
mpangu			// 10/10/2000 (c) 2000 Mitchell (USA)
mpangj			// 11/10/2000 (c) 2000 Mitchell (Japan)
progear			// 17/01/2001 (c) 2001 Cave (USA)
progearj		// 17/01/2001 (c) 2001 Cave (Japan)
progeara		// 17/01/2001 (c) 2001 Cave (Asia)
pzloop2			// 02/03/2001 (c) 2001 Mitchell (Euro)
pzloop2j		// 05/02/2001 (c) 2001 Mitchell (Japan)
choko			// 20/08/2001 (c) 2001 Mitchell (Japan)
hsf2			// 02/02/2004 (c) 2003, 2004 (USA)
hsf2j			// 22/12/2003 (c) 2003, 2004 (Japan)
hsf2a			// 02/02/2004 (c) 2003, 2004 (Asia)

// CPS2 'Phoenix' bootlegs
ssf2ud
ddtodd
ecofghtrd
avspd
dstlku1d
ringdstd
xmcotad
nwarrud
sfad
mshud
19xxd
sfz2ad
sfz2jd
spf2td
spf2xjd
ddsomud
megamn2d
sfz2ald
xmvsfu1d
batcird
vsavd
mvscud
sfa3ud
gigawingd
gigawingjd
1944d
progearud
progearjd
progearjbl
hsf2d
ssf2tbd
ssf2xjd
sgemfd
armwar1d
dimahoud
mmatrixd
vhunt2d
vsav2d
csclub1d
cybotsud
mshvsfu1d
sfz3jr2d

// Capcom CPS3 games
redearth		// 21/11/1996 (c) 1996 (Euro)
redeartha		// 23/10/1996 (c) 1996 (Euro)
warzard			// 21/11/1996 (c) 1996 (Japan)
warzarda		// 23/10/1996 (c) 1996 (Japan)
sfiii			// 04/02/1997 (c) 1997 (USA)
sfiiij			// 04/02/1997 (c) 1997 (Japan)
sfiiih			// 04/02/1997 (c) 1997 (Hispanic)
sfiii2			// 30/09/1997 (c) 1997 (USA)
sfiii2j			// 30/09/1997 (c) 1997 (Japan)
jojo			// 08/01/1999 (c) 1998 (USA)
jojoa			// 02/12/1998 (c) 1998 (USA)
jojoj			// 08/01/1999 (c) 1998 (Japan)
jojoaj			// 02/12/1998 (c) 1998 (Japan)
sfiii3			// 08/06/1999 (c) 1999 (USA)
sfiii3a			// 12/05/1999 (c) 1999 (USA)
jojoba			// 13/09/1999 (c) 1999 (Japan)

sfiiin			// 04/02/1997 (c) 1997 (Asia)
sfiii2n			// 30/09/1997 (c) 1997 (Asia)
jojon			// 08/01/1999 (c) 1998 (Asia)
jojoan			// 02/12/1998 (c) 1998 (Asia)
sfiii3n			// 08/06/1999 (c) 1999 (Japan)
sfiii3an		// 12/05/1999 (c) 1999 (Japan)
jojoban			// 13/09/1999 (c) 1999 (Japan)
jojobane		// 13/09/1999 (c) 1999 (Euro)